
> optiwealth-frontend@0.1.0 dev
> next dev

  ▲ Next.js 14.2.35
  - Local:        http://localhost:3000
  - Environments: .env.local

 ✓ Starting...
 ✓ Ready in 6.5s
 ○ Compiling / ...
 ✓ Compiled / in 6.2s (562 modules)
 GET / 200 in 6802ms
 ✓ Compiled in 842ms (287 modules)
 ✓ Compiled in 101ms (273 modules)
 GET / 200 in 773ms
 GET / 200 in 228ms
 ○ Compiling /login ...
 ✓ Compiled /login in 1767ms (587 modules)
 ○ Compiling /onboard ...
 ✓ Compiled /onboard in 2.3s (658 modules)
 GET /onboard 200 in 611ms
 ○ Compiling /dashboard ...
 ✓ Compiled /dashboard in 5.5s (780 modules)
 GET /dashboard 200 in 403ms
 GET /login 200 in 166ms
 GET / 200 in 215ms
 GET / 200 in 966ms
 ✓ Compiled in 4.4s (402 modules)
 ✓ Compiled in 794ms (402 modules)
The user aborted a request.

Retrying 1/3...
The user aborted a request.

Retrying 1/3...
The user aborted a request.

Retrying 1/3...
 ✓ Compiled in 7.9s (801 modules)
 ✓ Compiled in 1747ms (801 modules)
 ✓ Compiled in 965ms (407 modules)
 ✓ Compiled in 655ms (407 modules)
 ✓ Compiled in 1079ms (407 modules)
<w> [webpack.cache.PackFileCacheStrategy] Caching failed for pack: Error: ENOSPC: no space left on device, write
 ⨯ [Error: ENOSPC: no space left on device, write] {
  errno: -4055,
  code: 'ENOSPC',
  syscall: 'write'
}
[Error: ENOSPC: no space left on device, write] {
  errno: -4055,
  code: 'ENOSPC',
  syscall: 'write'
}
[Error: ENOSPC: no space left on device, write] {
  errno: -4055,
  code: 'ENOSPC',
  syscall: 'write'
}
 ⨯ [Error: ENOSPC: no space left on device, write] {
  errno: -4055,
  code: 'ENOSPC',
  syscall: 'write'
}
[Error: ENOSPC: no space left on device, write] {
  errno: -4055,
  code: 'ENOSPC',
  syscall: 'write'
}
[Error: ENOSPC: no space left on device, write] {
  errno: -4055,
  code: 'ENOSPC',
  syscall: 'write'
}
 ⨯ [Error: ENOSPC: no space left on device, write] {
  errno: -4055,
  code: 'ENOSPC',
  syscall: 'write'
}
[Error: ENOSPC: no space left on device, write] {
  errno: -4055,
  code: 'ENOSPC',
  syscall: 'write'
}
[Error: ENOSPC: no space left on device, write] {
  errno: -4055,
  code: 'ENOSPC',
  syscall: 'write'
}
 ⨯ [Error: ENOSPC: no space left on device, write] {
  errno: -4055,
  code: 'ENOSPC',
  syscall: 'write'
}
[Error: ENOSPC: no space left on device, write] {
  errno: -4055,
  code: 'ENOSPC',
  syscall: 'write'
}
[Error: ENOSPC: no space left on device, write] {
  errno: -4055,
  code: 'ENOSPC',
  syscall: 'write'
}
 ⨯ [Error: ENOSPC: no space left on device, write] {
  errno: -4055,
  code: 'ENOSPC',
  syscall: 'write'
}
[Error: ENOSPC: no space left on device, write] {
  errno: -4055,
  code: 'ENOSPC',
  syscall: 'write'
}
[Error: ENOSPC: no space left on device, write] {
  errno: -4055,
  code: 'ENOSPC',
  syscall: 'write'
}
 ⨯ [Error: ENOSPC: no space left on device, write] {
  errno: -4055,
  code: 'ENOSPC',
  syscall: 'write'
}
[Error: ENOSPC: no space left on device, write] {
  errno: -4055,
  code: 'ENOSPC',
  syscall: 'write'
}
[Error: ENOSPC: no space left on device, write] {
  errno: -4055,
  code: 'ENOSPC',
  syscall: 'write'
}
 ⨯ [Error: ENOSPC: no space left on device, write] {
  errno: -4055,
  code: 'ENOSPC',
  syscall: 'write'
}
[Error: ENOSPC: no space left on device, write] {
  errno: -4055,
  code: 'ENOSPC',
  syscall: 'write'
}
[Error: ENOSPC: no space left on device, write] {
  errno: -4055,
  code: 'ENOSPC',
  syscall: 'write'
}
 ⨯ [Error: ENOSPC: no space left on device, write] {
  errno: -4055,
  code: 'ENOSPC',
  syscall: 'write'
}
[Error: ENOSPC: no space left on device, write] {
  errno: -4055,
  code: 'ENOSPC',
  syscall: 'write'
}
[Error: ENOSPC: no space left on device, write] {
  errno: -4055,
  code: 'ENOSPC',
  syscall: 'write'
}
 ⨯ [Error: ENOSPC: no space left on device, write] {
  errno: -4055,
  code: 'ENOSPC',
  syscall: 'write'
}
[Error: ENOSPC: no space left on device, write] {
  errno: -4055,
  code: 'ENOSPC',
  syscall: 'write'
}
[Error: ENOSPC: no space left on device, write] {
  errno: -4055,
  code: 'ENOSPC',
  syscall: 'write'
}
 ⨯ [Error: ENOSPC: no space left on device, write] {
  errno: -4055,
  code: 'ENOSPC',
  syscall: 'write'
}
[Error: ENOSPC: no space left on device, write] {
  errno: -4055,
  code: 'ENOSPC',
  syscall: 'write'
}
[Error: ENOSPC: no space left on device, write] {
  errno: -4055,
  code: 'ENOSPC',
  syscall: 'write'
}
 ⨯ [Error: ENOSPC: no space left on device, write] {
  errno: -4055,
  code: 'ENOSPC',
  syscall: 'write'
}
[Error: ENOSPC: no space left on device, write] {
  errno: -4055,
  code: 'ENOSPC',
  syscall: 'write'
}
[Error: ENOSPC: no space left on device, write] {
  errno: -4055,
  code: 'ENOSPC',
  syscall: 'write'
}
 ⨯ [Error: ENOSPC: no space left on device, write] {
  errno: -4055,
  code: 'ENOSPC',
  syscall: 'write'
}
[Error: ENOSPC: no space left on device, write] {
  errno: -4055,
  code: 'ENOSPC',
  syscall: 'write'
}
[Error: ENOSPC: no space left on device, write] {
  errno: -4055,
  code: 'ENOSPC',
  syscall: 'write'
}
 ⨯ [Error: ENOSPC: no space left on device, write] {
  errno: -4055,
  code: 'ENOSPC',
  syscall: 'write'
}
[Error: ENOSPC: no space left on device, write] {
  errno: -4055,
  code: 'ENOSPC',
  syscall: 'write'
}
[Error: ENOSPC: no space left on device, write] {
  errno: -4055,
  code: 'ENOSPC',
  syscall: 'write'
}
[Error: ENOSPC: no space left on device, write] {
  errno: -4055,
  code: 'ENOSPC',
  syscall: 'write'
}
[Error: ENOSPC: no space left on device, write] {
  errno: -4055,
  code: 'ENOSPC',
  syscall: 'write'
}
 ⨯ [Error: ENOSPC: no space left on device, write] {
  errno: -4055,
  code: 'ENOSPC',
  syscall: 'write'
}
[Error: ENOSPC: no space left on device, write] {
  errno: -4055,
  code: 'ENOSPC',
  syscall: 'write'
}
[Error: ENOSPC: no space left on device, write] {
  errno: -4055,
  code: 'ENOSPC',
  syscall: 'write'
}
 ⨯ [Error: ENOSPC: no space left on device, write] {
  errno: -4055,
  code: 'ENOSPC',
  syscall: 'write'
}
[Error: ENOSPC: no space left on device, write] {
  errno: -4055,
  code: 'ENOSPC',
  syscall: 'write'
}
[Error: ENOSPC: no space left on device, write] {
  errno: -4055,
  code: 'ENOSPC',
  syscall: 'write'
}
